{"C:\\Users\\Jalen\\Desktop\\web-engineer-challenge-main\\src\\App.tsx": {"path":"C:\\Users\\Jalen\\Desktop\\web-engineer-challenge-main\\src\\App.tsx","statementMap":{"0":{"start":{"line":28,"column":24},"end":{"line":30,"column":3}},"1":{"start":{"line":31,"column":22},"end":{"line":42,"column":3}},"2":{"start":{"line":46,"column":4},"end":{"line":68,"column":29}},"3":{"start":{"line":47,"column":6},"end":{"line":65,"column":12}},"4":{"start":{"line":54,"column":21},"end":{"line":54,"column":31}},"5":{"start":{"line":57,"column":12},"end":{"line":60,"column":57}},"6":{"start":{"line":58,"column":14},"end":{"line":58,"column":38}},"7":{"start":{"line":60,"column":14},"end":{"line":60,"column":57}},"8":{"start":{"line":63,"column":12},"end":{"line":63,"column":67}},"9":{"start":{"line":64,"column":12},"end":{"line":64,"column":37}},"10":{"start":{"line":68,"column":5},"end":{"line":68,"column":29}},"11":{"start":{"line":72,"column":4},"end":{"line":72,"column":36}},"12":{"start":{"line":73,"column":4},"end":{"line":73,"column":62}},"13":{"start":{"line":77,"column":39},"end":{"line":77,"column":69}},"14":{"start":{"line":78,"column":4},"end":{"line":78,"column":43}},"15":{"start":{"line":81,"column":13},"end":{"line":85,"column":3}},"16":{"start":{"line":82,"column":4},"end":{"line":82,"column":23}},"17":{"start":{"line":84,"column":4},"end":{"line":84,"column":54}},"18":{"start":{"line":87,"column":20},"end":{"line":100,"column":3}},"19":{"start":{"line":88,"column":4},"end":{"line":99,"column":5}},"20":{"start":{"line":89,"column":6},"end":{"line":89,"column":38}},"21":{"start":{"line":90,"column":6},"end":{"line":90,"column":64}},"22":{"start":{"line":91,"column":6},"end":{"line":91,"column":39}},"23":{"start":{"line":92,"column":6},"end":{"line":92,"column":38}},"24":{"start":{"line":95,"column":22},"end":{"line":97,"column":25}},"25":{"start":{"line":98,"column":6},"end":{"line":98,"column":39}},"26":{"start":{"line":102,"column":19},"end":{"line":104,"column":3}},"27":{"start":{"line":103,"column":4},"end":{"line":103,"column":93}},"28":{"start":{"line":106,"column":20},"end":{"line":118,"column":3}},"29":{"start":{"line":107,"column":4},"end":{"line":109,"column":5}},"30":{"start":{"line":108,"column":6},"end":{"line":108,"column":52}},"31":{"start":{"line":110,"column":4},"end":{"line":117,"column":5}},"32":{"start":{"line":111,"column":6},"end":{"line":111,"column":38}},"33":{"start":{"line":112,"column":6},"end":{"line":112,"column":42}},"34":{"start":{"line":115,"column":6},"end":{"line":115,"column":61}},"35":{"start":{"line":116,"column":6},"end":{"line":116,"column":90}},"36":{"start":{"line":120,"column":17},"end":{"line":140,"column":3}},"37":{"start":{"line":121,"column":18},"end":{"line":121,"column":30}},"38":{"start":{"line":122,"column":18},"end":{"line":122,"column":62}},"39":{"start":{"line":123,"column":4},"end":{"line":126,"column":5}},"40":{"start":{"line":124,"column":6},"end":{"line":124,"column":25}},"41":{"start":{"line":125,"column":6},"end":{"line":125,"column":19}},"42":{"start":{"line":127,"column":17},"end":{"line":127,"column":51}},"43":{"start":{"line":128,"column":4},"end":{"line":139,"column":5}},"44":{"start":{"line":129,"column":6},"end":{"line":129,"column":25}},"45":{"start":{"line":130,"column":6},"end":{"line":130,"column":19}},"46":{"start":{"line":133,"column":22},"end":{"line":133,"column":93}},"47":{"start":{"line":134,"column":42},"end":{"line":134,"column":49}},"48":{"start":{"line":135,"column":19},"end":{"line":135,"column":90}},"49":{"start":{"line":136,"column":6},"end":{"line":138,"column":37}},"50":{"start":{"line":143,"column":4},"end":{"line":157,"column":5}}},"fnMap":{"0":{"name":"(anonymous_0)","decl":{"start":{"line":45,"column":2},"end":{"line":45,"column":3}},"loc":{"start":{"line":45,"column":28},"end":{"line":69,"column":3}},"line":45},"1":{"name":"(anonymous_1)","decl":{"start":{"line":54,"column":14},"end":{"line":54,"column":15}},"loc":{"start":{"line":54,"column":21},"end":{"line":54,"column":31}},"line":54},"2":{"name":"(anonymous_2)","decl":{"start":{"line":56,"column":10},"end":{"line":56,"column":11}},"loc":{"start":{"line":56,"column":28},"end":{"line":61,"column":11}},"line":56},"3":{"name":"(anonymous_3)","decl":{"start":{"line":62,"column":10},"end":{"line":62,"column":11}},"loc":{"start":{"line":62,"column":21},"end":{"line":65,"column":11}},"line":62},"4":{"name":"(anonymous_4)","decl":{"start":{"line":71,"column":2},"end":{"line":71,"column":3}},"loc":{"start":{"line":71,"column":26},"end":{"line":74,"column":3}},"line":71},"5":{"name":"(anonymous_5)","decl":{"start":{"line":76,"column":2},"end":{"line":76,"column":3}},"loc":{"start":{"line":76,"column":28},"end":{"line":79,"column":3}},"line":76},"6":{"name":"(anonymous_6)","decl":{"start":{"line":81,"column":13},"end":{"line":81,"column":14}},"loc":{"start":{"line":81,"column":25},"end":{"line":85,"column":3}},"line":81},"7":{"name":"(anonymous_7)","decl":{"start":{"line":87,"column":20},"end":{"line":87,"column":21}},"loc":{"start":{"line":87,"column":26},"end":{"line":100,"column":3}},"line":87},"8":{"name":"(anonymous_8)","decl":{"start":{"line":102,"column":19},"end":{"line":102,"column":20}},"loc":{"start":{"line":102,"column":25},"end":{"line":104,"column":3}},"line":102},"9":{"name":"(anonymous_9)","decl":{"start":{"line":106,"column":20},"end":{"line":106,"column":21}},"loc":{"start":{"line":106,"column":26},"end":{"line":118,"column":3}},"line":106},"10":{"name":"(anonymous_10)","decl":{"start":{"line":120,"column":17},"end":{"line":120,"column":18}},"loc":{"start":{"line":120,"column":29},"end":{"line":140,"column":3}},"line":120},"11":{"name":"(anonymous_11)","decl":{"start":{"line":142,"column":2},"end":{"line":142,"column":3}},"loc":{"start":{"line":142,"column":11},"end":{"line":158,"column":3}},"line":142}},"branchMap":{"0":{"loc":{"start":{"line":46,"column":4},"end":{"line":68,"column":29}},"type":"if","locations":[{"start":{"line":46,"column":4},"end":{"line":68,"column":29}},{"start":{"line":46,"column":4},"end":{"line":68,"column":29}}],"line":46},"1":{"loc":{"start":{"line":57,"column":12},"end":{"line":60,"column":57}},"type":"if","locations":[{"start":{"line":57,"column":12},"end":{"line":60,"column":57}},{"start":{"line":57,"column":12},"end":{"line":60,"column":57}}],"line":57},"2":{"loc":{"start":{"line":88,"column":4},"end":{"line":99,"column":5}},"type":"if","locations":[{"start":{"line":88,"column":4},"end":{"line":99,"column":5}},{"start":{"line":88,"column":4},"end":{"line":99,"column":5}}],"line":88},"3":{"loc":{"start":{"line":107,"column":4},"end":{"line":109,"column":5}},"type":"if","locations":[{"start":{"line":107,"column":4},"end":{"line":109,"column":5}},{"start":{"line":107,"column":4},"end":{"line":109,"column":5}}],"line":107},"4":{"loc":{"start":{"line":110,"column":4},"end":{"line":117,"column":5}},"type":"if","locations":[{"start":{"line":110,"column":4},"end":{"line":117,"column":5}},{"start":{"line":110,"column":4},"end":{"line":117,"column":5}}],"line":110},"5":{"loc":{"start":{"line":122,"column":18},"end":{"line":122,"column":62}},"type":"cond-expr","locations":[{"start":{"line":122,"column":42},"end":{"line":122,"column":45}},{"start":{"line":122,"column":48},"end":{"line":122,"column":62}}],"line":122},"6":{"loc":{"start":{"line":123,"column":4},"end":{"line":126,"column":5}},"type":"if","locations":[{"start":{"line":123,"column":4},"end":{"line":126,"column":5}},{"start":{"line":123,"column":4},"end":{"line":126,"column":5}}],"line":123},"7":{"loc":{"start":{"line":128,"column":4},"end":{"line":139,"column":5}},"type":"if","locations":[{"start":{"line":128,"column":4},"end":{"line":139,"column":5}},{"start":{"line":128,"column":4},"end":{"line":139,"column":5}}],"line":128},"8":{"loc":{"start":{"line":128,"column":9},"end":{"line":128,"column":78}},"type":"binary-expr","locations":[{"start":{"line":128,"column":10},"end":{"line":128,"column":26}},{"start":{"line":128,"column":30},"end":{"line":128,"column":40}},{"start":{"line":128,"column":47},"end":{"line":128,"column":63}},{"start":{"line":128,"column":67},"end":{"line":128,"column":77}}],"line":128},"9":{"loc":{"start":{"line":144,"column":6},"end":{"line":156,"column":7}},"type":"cond-expr","locations":[{"start":{"line":144,"column":26},"end":{"line":144,"column":45}},{"start":{"line":146,"column":8},"end":{"line":155,"column":24}}],"line":144},"10":{"loc":{"start":{"line":146,"column":30},"end":{"line":146,"column":75}},"type":"binary-expr","locations":[{"start":{"line":146,"column":30},"end":{"line":146,"column":46}},{"start":{"line":146,"column":50},"end":{"line":146,"column":75}}],"line":146}},"s":{"0":1,"1":5,"2":5,"3":0,"4":0,"5":0,"6":0,"7":0,"8":0,"9":0,"10":5,"11":5,"12":5,"13":5,"14":5,"15":5,"16":0,"17":0,"18":5,"19":3,"20":0,"21":0,"22":0,"23":0,"24":3,"25":3,"26":5,"27":0,"28":5,"29":1,"30":1,"31":1,"32":0,"33":0,"34":1,"35":1,"36":5,"37":3,"38":3,"39":3,"40":1,"41":1,"42":2,"43":2,"44":1,"45":1,"46":1,"47":1,"48":1,"49":1,"50":15},"f":{"0":5,"1":0,"2":0,"3":0,"4":5,"5":5,"6":0,"7":3,"8":0,"9":1,"10":3,"11":15},"b":{"0":[0,5],"1":[0,0],"2":[0,3],"3":[1,0],"4":[0,1],"5":[0,3],"6":[1,2],"7":[1,1],"8":[2,1,2,1],"9":[5,10],"10":[10,0]},"_coverageSchema":"1a1c01bbd47fc00a2c39e90264f33305004495a9","hash":"4db5f5c0a3952cd9c4c6cff48cd7e9bbfaa3dae8"}
,"C:\\Users\\Jalen\\Desktop\\web-engineer-challenge-main\\src\\defaultTheme.js": {"path":"C:\\Users\\Jalen\\Desktop\\web-engineer-challenge-main\\src\\defaultTheme.js","statementMap":{"0":{"start":{"line":1,"column":21},"end":{"line":25,"column":1}}},"fnMap":{},"branchMap":{},"s":{"0":1},"f":{},"b":{},"_coverageSchema":"1a1c01bbd47fc00a2c39e90264f33305004495a9","hash":"f9f9ae4822b8f8e49c0f9e89c561c16b0fba3e87"}
,"C:\\Users\\Jalen\\Desktop\\web-engineer-challenge-main\\src\\index.tsx": {"path":"C:\\Users\\Jalen\\Desktop\\web-engineer-challenge-main\\src\\index.tsx","statementMap":{"0":{"start":{"line":6,"column":0},"end":{"line":11,"column":2}}},"fnMap":{},"branchMap":{},"s":{"0":0},"f":{},"b":{}}
,"C:\\Users\\Jalen\\Desktop\\web-engineer-challenge-main\\src\\components\\Countdown\\index.tsx": {"path":"C:\\Users\\Jalen\\Desktop\\web-engineer-challenge-main\\src\\components\\Countdown\\index.tsx","statementMap":{"0":{"start":{"line":7,"column":25},"end":{"line":36,"column":1}},"1":{"start":{"line":8,"column":2},"end":{"line":35,"column":4}},"2":{"start":{"line":21,"column":14},"end":{"line":23,"column":22}}},"fnMap":{"0":{"name":"(anonymous_0)","decl":{"start":{"line":7,"column":25},"end":{"line":7,"column":26}},"loc":{"start":{"line":7,"column":105},"end":{"line":36,"column":1}},"line":7},"1":{"name":"(anonymous_1)","decl":{"start":{"line":20,"column":56},"end":{"line":20,"column":57}},"loc":{"start":{"line":21,"column":14},"end":{"line":23,"column":22}},"line":21}},"branchMap":{},"s":{"0":1,"1":10,"2":30},"f":{"0":10,"1":30},"b":{},"_coverageSchema":"1a1c01bbd47fc00a2c39e90264f33305004495a9","hash":"39ce99cd56aab3eb683d893bd4e6c1529e7b66a3"}
,"C:\\Users\\Jalen\\Desktop\\web-engineer-challenge-main\\src\\components\\Countdown\\styles.tsx": {"path":"C:\\Users\\Jalen\\Desktop\\web-engineer-challenge-main\\src\\components\\Countdown\\styles.tsx","statementMap":{"0":{"start":{"line":3,"column":31},"end":{"line":5,"column":1}},"1":{"start":{"line":4,"column":25},"end":{"line":4,"column":54}},"2":{"start":{"line":7,"column":26},"end":{"line":20,"column":1}},"3":{"start":{"line":18,"column":23},"end":{"line":18,"column":67}},"4":{"start":{"line":22,"column":29},"end":{"line":31,"column":1}},"5":{"start":{"line":28,"column":22},"end":{"line":28,"column":57}},"6":{"start":{"line":29,"column":26},"end":{"line":29,"column":69}},"7":{"start":{"line":30,"column":28},"end":{"line":30,"column":69}},"8":{"start":{"line":33,"column":26},"end":{"line":38,"column":1}},"9":{"start":{"line":40,"column":30},"end":{"line":49,"column":1}}},"fnMap":{"0":{"name":"(anonymous_0)","decl":{"start":{"line":4,"column":16},"end":{"line":4,"column":17}},"loc":{"start":{"line":4,"column":25},"end":{"line":4,"column":54}},"line":4},"1":{"name":"(anonymous_1)","decl":{"start":{"line":18,"column":14},"end":{"line":18,"column":15}},"loc":{"start":{"line":18,"column":23},"end":{"line":18,"column":67}},"line":18},"2":{"name":"(anonymous_2)","decl":{"start":{"line":28,"column":13},"end":{"line":28,"column":14}},"loc":{"start":{"line":28,"column":22},"end":{"line":28,"column":57}},"line":28},"3":{"name":"(anonymous_3)","decl":{"start":{"line":29,"column":17},"end":{"line":29,"column":18}},"loc":{"start":{"line":29,"column":26},"end":{"line":29,"column":69}},"line":29},"4":{"name":"(anonymous_4)","decl":{"start":{"line":30,"column":19},"end":{"line":30,"column":20}},"loc":{"start":{"line":30,"column":28},"end":{"line":30,"column":69}},"line":30}},"branchMap":{},"s":{"0":1,"1":0,"2":1,"3":10,"4":1,"5":10,"6":10,"7":10,"8":1,"9":1},"f":{"0":0,"1":10,"2":10,"3":10,"4":10},"b":{},"_coverageSchema":"1a1c01bbd47fc00a2c39e90264f33305004495a9","hash":"b7798de907a46ebe17fb1fa4b9e60ef282d13c93"}
,"C:\\Users\\Jalen\\Desktop\\web-engineer-challenge-main\\src\\components\\Input\\index.tsx": {"path":"C:\\Users\\Jalen\\Desktop\\web-engineer-challenge-main\\src\\components\\Input\\index.tsx","statementMap":{"0":{"start":{"line":4,"column":21},"end":{"line":18,"column":1}},"1":{"start":{"line":5,"column":4},"end":{"line":17,"column":6}}},"fnMap":{"0":{"name":"(anonymous_0)","decl":{"start":{"line":4,"column":21},"end":{"line":4,"column":22}},"loc":{"start":{"line":4,"column":74},"end":{"line":18,"column":1}},"line":4}},"branchMap":{},"s":{"0":1,"1":30},"f":{"0":30},"b":{},"_coverageSchema":"1a1c01bbd47fc00a2c39e90264f33305004495a9","hash":"14635973f04bb3e9c71883b52134d0f5979dc038"}
,"C:\\Users\\Jalen\\Desktop\\web-engineer-challenge-main\\src\\components\\Input\\styles.tsx": {"path":"C:\\Users\\Jalen\\Desktop\\web-engineer-challenge-main\\src\\components\\Input\\styles.tsx","statementMap":{"0":{"start":{"line":3,"column":29},"end":{"line":5,"column":1}},"1":{"start":{"line":7,"column":25},"end":{"line":19,"column":1}},"2":{"start":{"line":8,"column":21},"end":{"line":8,"column":58}},"3":{"start":{"line":11,"column":31},"end":{"line":11,"column":65}},"4":{"start":{"line":21,"column":21},"end":{"line":27,"column":1}}},"fnMap":{"0":{"name":"(anonymous_0)","decl":{"start":{"line":8,"column":12},"end":{"line":8,"column":13}},"loc":{"start":{"line":8,"column":21},"end":{"line":8,"column":58}},"line":8},"1":{"name":"(anonymous_1)","decl":{"start":{"line":11,"column":22},"end":{"line":11,"column":23}},"loc":{"start":{"line":11,"column":31},"end":{"line":11,"column":65}},"line":11}},"branchMap":{},"s":{"0":1,"1":1,"2":30,"3":30,"4":1},"f":{"0":30,"1":30},"b":{},"_coverageSchema":"1a1c01bbd47fc00a2c39e90264f33305004495a9","hash":"3743da444eb212e26761f6567543b2fbf9eb2aa8"}
,"C:\\Users\\Jalen\\Desktop\\web-engineer-challenge-main\\src\\components\\TimeButtons\\index.tsx": {"path":"C:\\Users\\Jalen\\Desktop\\web-engineer-challenge-main\\src\\components\\TimeButtons\\index.tsx","statementMap":{"0":{"start":{"line":5,"column":27},"end":{"line":16,"column":1}},"1":{"start":{"line":6,"column":4},"end":{"line":15,"column":6}}},"fnMap":{"0":{"name":"(anonymous_0)","decl":{"start":{"line":5,"column":27},"end":{"line":5,"column":28}},"loc":{"start":{"line":5,"column":79},"end":{"line":16,"column":1}},"line":5}},"branchMap":{"0":{"loc":{"start":{"line":9,"column":17},"end":{"line":9,"column":56}},"type":"cond-expr","locations":[{"start":{"line":9,"column":39},"end":{"line":9,"column":46}},{"start":{"line":9,"column":49},"end":{"line":9,"column":56}}],"line":9},"1":{"loc":{"start":{"line":11,"column":72},"end":{"line":11,"column":116}},"type":"binary-expr","locations":[{"start":{"line":11,"column":72},"end":{"line":11,"column":93}},{"start":{"line":11,"column":97},"end":{"line":11,"column":116}}],"line":11}},"s":{"0":1,"1":10},"f":{"0":10},"b":{"0":[4,6],"1":[10,4]},"_coverageSchema":"1a1c01bbd47fc00a2c39e90264f33305004495a9","hash":"5e1bc2eb3d843eca9a7c80b67c1a04f7666e2a99"}
,"C:\\Users\\Jalen\\Desktop\\web-engineer-challenge-main\\src\\components\\TimeButtons\\styles.tsx": {"path":"C:\\Users\\Jalen\\Desktop\\web-engineer-challenge-main\\src\\components\\TimeButtons\\styles.tsx","statementMap":{"0":{"start":{"line":3,"column":27},"end":{"line":9,"column":1}},"1":{"start":{"line":11,"column":22},"end":{"line":31,"column":1}},"2":{"start":{"line":13,"column":28},"end":{"line":13,"column":84}},"3":{"start":{"line":14,"column":31},"end":{"line":14,"column":83}},"4":{"start":{"line":18,"column":20},"end":{"line":18,"column":66}},"5":{"start":{"line":23,"column":27},"end":{"line":23,"column":75}}},"fnMap":{"0":{"name":"(anonymous_0)","decl":{"start":{"line":13,"column":19},"end":{"line":13,"column":20}},"loc":{"start":{"line":13,"column":28},"end":{"line":13,"column":84}},"line":13},"1":{"name":"(anonymous_1)","decl":{"start":{"line":14,"column":22},"end":{"line":14,"column":23}},"loc":{"start":{"line":14,"column":31},"end":{"line":14,"column":83}},"line":14},"2":{"name":"(anonymous_2)","decl":{"start":{"line":18,"column":11},"end":{"line":18,"column":12}},"loc":{"start":{"line":18,"column":20},"end":{"line":18,"column":66}},"line":18},"3":{"name":"(anonymous_3)","decl":{"start":{"line":23,"column":18},"end":{"line":23,"column":19}},"loc":{"start":{"line":23,"column":27},"end":{"line":23,"column":75}},"line":23}},"branchMap":{},"s":{"0":1,"1":1,"2":20,"3":20,"4":20,"5":20},"f":{"0":20,"1":20,"2":20,"3":20},"b":{},"_coverageSchema":"1a1c01bbd47fc00a2c39e90264f33305004495a9","hash":"889d2e6414f283c9db04c2d2932e4c688ff6a83d"}
}
