TN:
SF:src\App.tsx
FN:45,(anonymous_0)
FN:54,(anonymous_1)
FN:56,(anonymous_2)
FN:62,(anonymous_3)
FN:71,(anonymous_4)
FN:76,(anonymous_5)
FN:81,(anonymous_6)
FN:87,(anonymous_7)
FN:102,(anonymous_8)
FN:106,(anonymous_9)
FN:120,(anonymous_10)
FN:142,(anonymous_11)
FNF:12
FNH:7
FNDA:5,(anonymous_0)
FNDA:0,(anonymous_1)
FNDA:0,(anonymous_2)
FNDA:0,(anonymous_3)
FNDA:5,(anonymous_4)
FNDA:5,(anonymous_5)
FNDA:0,(anonymous_6)
FNDA:3,(anonymous_7)
FNDA:0,(anonymous_8)
FNDA:1,(anonymous_9)
FNDA:3,(anonymous_10)
FNDA:15,(anonymous_11)
DA:28,1
DA:31,5
DA:46,5
DA:47,0
DA:54,0
DA:57,0
DA:58,0
DA:60,0
DA:63,0
DA:64,0
DA:68,5
DA:72,5
DA:73,5
DA:77,5
DA:78,5
DA:81,5
DA:82,0
DA:84,0
DA:87,5
DA:88,3
DA:89,0
DA:90,0
DA:91,0
DA:92,0
DA:95,3
DA:98,3
DA:102,5
DA:103,0
DA:106,5
DA:107,1
DA:108,1
DA:110,1
DA:111,0
DA:112,0
DA:115,1
DA:116,1
DA:120,5
DA:121,3
DA:122,3
DA:123,3
DA:124,1
DA:125,1
DA:127,2
DA:128,2
DA:129,1
DA:130,1
DA:133,1
DA:134,1
DA:135,1
DA:136,1
DA:143,15
LF:51
LH:35
BRDA:46,0,0,0
BRDA:46,0,1,5
BRDA:57,1,0,0
BRDA:57,1,1,0
BRDA:88,2,0,0
BRDA:88,2,1,3
BRDA:107,3,0,1
BRDA:107,3,1,0
BRDA:110,4,0,0
BRDA:110,4,1,1
BRDA:122,5,0,0
BRDA:122,5,1,3
BRDA:123,6,0,1
BRDA:123,6,1,2
BRDA:128,7,0,1
BRDA:128,7,1,1
BRDA:128,8,0,2
BRDA:128,8,1,1
BRDA:128,8,2,2
BRDA:128,8,3,1
BRDA:144,9,0,5
BRDA:144,9,1,10
BRDA:146,10,0,10
BRDA:146,10,1,0
BRF:24
BRH:16
end_of_record
TN:
SF:src\defaultTheme.js
FNF:0
FNH:0
DA:1,1
LF:1
LH:1
BRF:0
BRH:0
end_of_record
TN:
SF:src\index.tsx
FNF:0
FNH:0
DA:6,0
LF:1
LH:0
BRF:0
BRH:0
end_of_record
TN:
SF:src\components\Countdown\index.tsx
FN:7,(anonymous_0)
FN:20,(anonymous_1)
FNF:2
FNH:2
FNDA:10,(anonymous_0)
FNDA:30,(anonymous_1)
DA:7,1
DA:8,10
DA:21,30
LF:3
LH:3
BRF:0
BRH:0
end_of_record
TN:
SF:src\components\Countdown\styles.tsx
FN:4,(anonymous_0)
FN:18,(anonymous_1)
FN:28,(anonymous_2)
FN:29,(anonymous_3)
FN:30,(anonymous_4)
FNF:5
FNH:4
FNDA:0,(anonymous_0)
FNDA:10,(anonymous_1)
FNDA:10,(anonymous_2)
FNDA:10,(anonymous_3)
FNDA:10,(anonymous_4)
DA:3,1
DA:4,0
DA:7,1
DA:18,10
DA:22,1
DA:28,10
DA:29,10
DA:30,10
DA:33,1
DA:40,1
LF:10
LH:9
BRF:0
BRH:0
end_of_record
TN:
SF:src\components\Input\index.tsx
FN:4,(anonymous_0)
FNF:1
FNH:1
FNDA:30,(anonymous_0)
DA:4,1
DA:5,30
LF:2
LH:2
BRF:0
BRH:0
end_of_record
TN:
SF:src\components\Input\styles.tsx
FN:8,(anonymous_0)
FN:11,(anonymous_1)
FNF:2
FNH:2
FNDA:30,(anonymous_0)
FNDA:30,(anonymous_1)
DA:3,1
DA:7,1
DA:8,30
DA:11,30
DA:21,1
LF:5
LH:5
BRF:0
BRH:0
end_of_record
TN:
SF:src\components\TimeButtons\index.tsx
FN:5,(anonymous_0)
FNF:1
FNH:1
FNDA:10,(anonymous_0)
DA:5,1
DA:6,10
LF:2
LH:2
BRDA:9,0,0,4
BRDA:9,0,1,6
BRDA:11,1,0,10
BRDA:11,1,1,4
BRF:4
BRH:4
end_of_record
TN:
SF:src\components\TimeButtons\styles.tsx
FN:13,(anonymous_0)
FN:14,(anonymous_1)
FN:18,(anonymous_2)
FN:23,(anonymous_3)
FNF:4
FNH:4
FNDA:20,(anonymous_0)
FNDA:20,(anonymous_1)
FNDA:20,(anonymous_2)
FNDA:20,(anonymous_3)
DA:3,1
DA:11,1
DA:13,20
DA:14,20
DA:18,20
DA:23,20
LF:6
LH:6
BRF:0
BRH:0
end_of_record
